<?xml version="1.0" encoding="UTF-8"?>
<!-- Generated by org.testng.reporters.JUnitXMLReporter -->
<testsuite ignored="0" hostname="Samarth" failures="1" tests="1" name="Loginpage" time="5.398" errors="0" timestamp="2026-06-18T21:24:00 CDT">
  <testcase classname="Test.Loginpage" name="@AfterMethod tearDown" time="0.127">
    <failure type="java.lang.NullPointerException" message="Cannot invoke &amp;quot;com.aventstack.extentreports.ExtentTest.fail(com.aventstack.extentreports.model.Media)&amp;quot; because &amp;quot;this.test&amp;quot; is null">
      <![CDATA[java.lang.NullPointerException: Cannot invoke "com.aventstack.extentreports.ExtentTest.fail(com.aventstack.extentreports.model.Media)" because "this.test" is null
at Test.Loginpage.tearDown(Loginpage.java:62)
at java.base/java.util.ArrayList.forEach(ArrayList.java:1596)
... Removed 30 stack frames]]>
    </failure>
  </testcase> <!-- @AfterMethod tearDown -->
  <testcase classname="Test.Loginpage" name="homepagenavigation" time="0.008">
    <failure type="java.lang.NullPointerException" message="Cannot invoke &amp;quot;com.aventstack.extentreports.ExtentReports.createTest(String)&amp;quot; because &amp;quot;this.extent&amp;quot; is null">
      <![CDATA[java.lang.NullPointerException: Cannot invoke "com.aventstack.extentreports.ExtentReports.createTest(String)" because "this.extent" is null
at config.ExtentReportManager.createTest(ExtentReportManager.java:31)
at Test.Loginpage.homepagenavigation(Loginpage.java:31)
at java.base/java.util.ArrayList.forEach(ArrayList.java:1596)
... Removed 25 stack frames]]>
    </failure>
  </testcase> <!-- homepagenavigation -->
</testsuite> <!-- Loginpage -->
