<?xml version="1.0" encoding="UTF-8"?>
<!-- Generated by org.testng.reporters.JUnitXMLReporter -->
<testsuite ignored="2" hostname="Samarth" failures="0" tests="3" name="Test" time="55.553" errors="0" timestamp="2026-06-20T18:44:32 CDT">
  <testcase classname="Test.ContactUsPage" name="contactuspage" time="9.695"/>
  <testcase classname="Test.Loginpage" name="homepagenavigation" time="5.991"/>
  <testcase classname="Test.Loginpage" name="homepagenavigation" time="4.325"/>
  <testcase classname="config.ExtentReportManager" name="@AfterSuite flushReport" time="0.0">
    <ignored/>
  </testcase> <!-- @AfterSuite flushReport -->
  <testcase classname="config.ExtentReportManager" name="@BeforeSuite initializeReport" time="0.0">
    <ignored/>
  </testcase> <!-- @BeforeSuite initializeReport -->
</testsuite> <!-- Test -->
