<?xml version="1.0" encoding="UTF-8"?>
<testng-results ignored="0" total="3" passed="3" failed="0" skipped="0">
  <reporter-output>
  </reporter-output>
  <suite started-at="2026-06-20T18:43:36 CDT" name="Suite" finished-at="2026-06-20T18:44:32 CDT" duration-ms="55553">
    <groups>
    </groups>
    <test started-at="2026-06-20T18:43:36 CDT" name="Test" finished-at="2026-06-20T18:44:32 CDT" duration-ms="55553">
      <class name="Test.Loginpage">
        <test-method is-config="true" signature="browseropen()[pri:0, instance:Test.Loginpage@5562c41e]" started-at="2026-06-20T18:43:51 CDT" name="browseropen" finished-at="2026-06-20T18:44:18 CDT" duration-ms="26498" status="PASS">
          <reporter-output>
          </reporter-output>
        </test-method> <!-- browseropen -->
        <test-method signature="homepagenavigation(int,java.lang.String,java.lang.String)[pri:0, instance:Test.Loginpage@5562c41e]" started-at="2026-06-20T18:44:18 CDT" name="homepagenavigation" data-provider="login" finished-at="2026-06-20T18:44:24 CDT" duration-ms="5991" status="PASS">
          <params>
            <param index="0">
              <value>
                <![CDATA[0]]>
              </value>
            </param>
            <param index="1">
              <value>
                <![CDATA[mosampatel175@gmail.com]]>
              </value>
            </param>
            <param index="2">
              <value>
                <![CDATA[Mosam_123]]>
              </value>
            </param>
          </params>
          <reporter-output>
          </reporter-output>
        </test-method> <!-- homepagenavigation -->
        <test-method is-config="true" signature="tearDown(org.testng.ITestResult)[pri:0, instance:Test.Loginpage@5562c41e]" started-at="2026-06-20T18:44:24 CDT" name="tearDown" finished-at="2026-06-20T18:44:24 CDT" duration-ms="306" status="PASS">
          <params>
            <param index="0">
              <value>
                <![CDATA[[TestResult name=homepagenavigation status=SUCCESS method=Loginpage.homepagenavigation(int,java.lang.String,java.lang.String)[pri:0, instance:Test.Loginpage@5562c41e] output={null}]]]>
              </value>
            </param>
          </params>
          <reporter-output>
          </reporter-output>
        </test-method> <!-- tearDown -->
        <test-method is-config="true" signature="browseropen()[pri:0, instance:Test.Loginpage@5562c41e]" started-at="2026-06-20T18:44:24 CDT" name="browseropen" finished-at="2026-06-20T18:44:27 CDT" duration-ms="3345" status="PASS">
          <reporter-output>
          </reporter-output>
        </test-method> <!-- browseropen -->
        <test-method signature="homepagenavigation(int,java.lang.String,java.lang.String)[pri:0, instance:Test.Loginpage@5562c41e]" started-at="2026-06-20T18:44:27 CDT" name="homepagenavigation" data-provider="login" finished-at="2026-06-20T18:44:32 CDT" duration-ms="4325" status="PASS">
          <params>
            <param index="0">
              <value>
                <![CDATA[1]]>
              </value>
            </param>
            <param index="1">
              <value>
                <![CDATA[mosampatel175@gmail.com]]>
              </value>
            </param>
            <param index="2">
              <value>
                <![CDATA[Mosam]]>
              </value>
            </param>
          </params>
          <reporter-output>
          </reporter-output>
        </test-method> <!-- homepagenavigation -->
        <test-method is-config="true" signature="tearDown(org.testng.ITestResult)[pri:0, instance:Test.Loginpage@5562c41e]" started-at="2026-06-20T18:44:32 CDT" name="tearDown" finished-at="2026-06-20T18:44:32 CDT" duration-ms="238" status="PASS">
          <params>
            <param index="0">
              <value>
                <![CDATA[[TestResult name=homepagenavigation status=SUCCESS method=Loginpage.homepagenavigation(int,java.lang.String,java.lang.String)[pri:0, instance:Test.Loginpage@5562c41e] output={null}]]]>
              </value>
            </param>
          </params>
          <reporter-output>
          </reporter-output>
        </test-method> <!-- tearDown -->
      </class> <!-- Test.Loginpage -->
      <class name="Test.ContactUsPage">
        <test-method is-config="true" signature="initializeReport()[pri:0, instance:Test.ContactUsPage@3bf9ce3e]" started-at="2026-06-20T18:43:36 CDT" name="initializeReport" finished-at="2026-06-20T18:43:36 CDT" duration-ms="150" status="PASS">
          <reporter-output>
          </reporter-output>
        </test-method> <!-- initializeReport -->
        <test-method is-config="true" signature="openurl()[pri:0, instance:Test.ContactUsPage@3bf9ce3e]" started-at="2026-06-20T18:43:36 CDT" name="openurl" finished-at="2026-06-20T18:43:40 CDT" duration-ms="4055" status="PASS">
          <reporter-output>
          </reporter-output>
        </test-method> <!-- openurl -->
        <test-method signature="contactuspage()[pri:0, instance:Test.ContactUsPage@3bf9ce3e]" started-at="2026-06-20T18:43:40 CDT" name="contactuspage" finished-at="2026-06-20T18:43:50 CDT" duration-ms="9695" status="PASS">
          <reporter-output>
          </reporter-output>
        </test-method> <!-- contactuspage -->
        <test-method is-config="true" signature="tearDown1(org.testng.ITestResult)[pri:0, instance:Test.ContactUsPage@3bf9ce3e]" started-at="2026-06-20T18:43:50 CDT" name="tearDown1" finished-at="2026-06-20T18:43:50 CDT" duration-ms="355" status="PASS">
          <params>
            <param index="0">
              <value>
                <![CDATA[[TestResult name=contactuspage status=SUCCESS method=ContactUsPage.contactuspage()[pri:0, instance:Test.ContactUsPage@3bf9ce3e] output={null}]]]>
              </value>
            </param>
          </params>
          <reporter-output>
          </reporter-output>
        </test-method> <!-- tearDown1 -->
        <test-method is-config="true" signature="flushReport()[pri:0, instance:Test.ContactUsPage@3bf9ce3e]" started-at="2026-06-20T18:44:32 CDT" name="flushReport" finished-at="2026-06-20T18:44:36 CDT" duration-ms="3881" status="PASS">
          <reporter-output>
          </reporter-output>
        </test-method> <!-- flushReport -->
      </class> <!-- Test.ContactUsPage -->
    </test> <!-- Test -->
  </suite> <!-- Suite -->
</testng-results>
